<?xml version="1.0" encoding="UTF-8"?>
<testng-results skipped="0" failed="0" ignored="0" total="1" passed="1">
  <reporter-output>
  </reporter-output>
  <suite name="Default suite" duration-ms="11987" started-at="2017-07-05T13:02:51Z" finished-at="2017-07-05T13:03:03Z">
    <groups>
    </groups>
    <test name="Default test" duration-ms="11987" started-at="2017-07-05T13:02:51Z" finished-at="2017-07-05T13:03:03Z">
      <class name="profi.com.Test01.TestTitle">
        <test-method status="PASS" signature="setup()[pri:0, instance:profi.com.Test01.TestTitle@6a4f787b]" name="setup" is-config="true" duration-ms="4594" started-at="2017-07-05T15:02:51Z" finished-at="2017-07-05T15:02:56Z">
          <reporter-output>
          </reporter-output>
        </test-method> <!-- setup -->
        <test-method status="PASS" signature="simpleTest()[pri:0, instance:profi.com.Test01.TestTitle@6a4f787b]" name="simpleTest" duration-ms="6487" started-at="2017-07-05T15:02:56Z" finished-at="2017-07-05T15:03:02Z">
          <reporter-output>
          </reporter-output>
        </test-method> <!-- simpleTest -->
        <test-method status="PASS" signature="afterTest()[pri:0, instance:profi.com.Test01.TestTitle@6a4f787b]" name="afterTest" is-config="true" duration-ms="843" started-at="2017-07-05T15:03:02Z" finished-at="2017-07-05T15:03:03Z">
          <reporter-output>
          </reporter-output>
        </test-method> <!-- afterTest -->
      </class> <!-- profi.com.Test01.TestTitle -->
    </test> <!-- Default test -->
  </suite> <!-- Default suite -->
</testng-results>
